# JRE version: OpenJDK Runtime Environment (18.0.2+9) (build 18.0.2+9-61)
# Java VM: OpenJDK 64-Bit Server VM (18.0.2+9-61, mixed mode, emulated-client, sharing, tiered, compressed oops, compressed class ptrs, g1 gc, linux-amd64)
GC Precious Log:
 CardTable entry size: 512
 Card Set container configuration: InlinePtr #cards 4 size 8 Array Of Cards #cards 16 size 48 Howl #buckets 8 coarsen threshold 3686 Howl Bitmap #cards 512 size 80 coarsen threshold 460 Card regions per heap region 1 cards per card region 4096
 CPUs: 8 total, 8 available
 Memory: 15631M
 Large Page Support: Disabled
 NUMA Support: Disabled
 Compressed Oops: Enabled (Zero based)
 Heap Region Size: 2M
 Heap Min Capacity: 8M
 Heap Initial Capacity: 246M
 Heap Max Capacity: 3908M
 Pre-touch: Disabled
 Parallel Workers: 8
 Concurrent Workers: 2
 Concurrent Refinement Workers: 8
 Periodic GC: Disabled
Heap:
 garbage-first heap   total 96256K, used 26451K [0x000000070bc00000, 0x0000000800000000)
  region size 2048K, 1 young (2048K), 0 survivors (0K)
 Metaspace       used 61429K, committed 62144K, reserved 1114112K
  class space    used 8523K, committed 8832K, reserved 1048576K
GC Heap History (20 events):
Event: 3.154 GC heap before
{Heap before GC invocations=6 (full 0):
 garbage-first heap   total 69632K, used 40933K [0x000000070bc00000, 0x0000000800000000)
  region size 2048K, 13 young (26624K), 1 survivors (2048K)
 Metaspace       used 28879K, committed 29312K, reserved 1114112K
  class space    used 3844K, committed 4032K, reserved 1048576K
}
Event: 3.155 GC heap after
{Heap after GC invocations=7 (full 0):
 garbage-first heap   total 106496K, used 20022K [0x000000070bc00000, 0x0000000800000000)
  region size 2048K, 2 young (4096K), 2 survivors (4096K)
 Metaspace       used 28879K, committed 29312K, reserved 1114112K
  class space    used 3844K, committed 4032K, reserved 1048576K
}
Event: 3.530 GC heap before
{Heap before GC invocations=7 (full 0):
 garbage-first heap   total 106496K, used 52790K [0x000000070bc00000, 0x0000000800000000)
  region size 2048K, 20 young (40960K), 2 survivors (4096K)
 Metaspace       used 35733K, committed 36160K, reserved 1114112K
  class space    used 4908K, committed 5120K, reserved 1048576K
}
Event: 3.533 GC heap after
{Heap after GC invocations=8 (full 0):
 garbage-first heap   total 106496K, used 22311K [0x000000070bc00000, 0x0000000800000000)
  region size 2048K, 3 young (6144K), 3 survivors (6144K)
 Metaspace       used 35733K, committed 36160K, reserved 1114112K
  class space    used 4908K, committed 5120K, reserved 1048576K
}
Event: 4.282 GC heap before
{Heap before GC invocations=9 (full 0):
 garbage-first heap   total 96256K, used 73511K [0x000000070bc00000, 0x0000000800000000)
  region size 2048K, 28 young (57344K), 3 survivors (6144K)
 Metaspace       used 50008K, committed 50496K, reserved 1114112K
  class space    used 6918K, committed 7168K, reserved 1048576K
}
Event: 4.287 GC heap after
{Heap after GC invocations=10 (full 0):
 garbage-first heap   total 96256K, used 25768K [0x000000070bc00000, 0x0000000800000000)
  region size 2048K, 3 young (6144K), 3 survivors (6144K)
 Metaspace       used 50008K, committed 50496K, reserved 1114112K
  class space    used 6918K, committed 7168K, reserved 1048576K
}
Event: 4.309 GC heap before
{Heap before GC invocations=10 (full 0):
 garbage-first heap   total 96256K, used 27816K [0x000000070bc00000, 0x0000000800000000)
  region size 2048K, 4 young (8192K), 3 survivors (6144K)
 Metaspace       used 50247K, committed 50688K, reserved 1114112K
  class space    used 6952K, committed 7168K, reserved 1048576K
}
Event: 4.312 GC heap after
{Heap after GC invocations=11 (full 0):
 garbage-first heap   total 96256K, used 26089K [0x000000070bc00000, 0x0000000800000000)
  region size 2048K, 1 young (2048K), 1 survivors (2048K)
 Metaspace       used 50247K, committed 50688K, reserved 1114112K
  class space    used 6952K, committed 7168K, reserved 1048576K
}
Event: 4.714 GC heap before
{Heap before GC invocations=11 (full 0):
 garbage-first heap   total 96256K, used 69097K [0x000000070bc00000, 0x0000000800000000)
  region size 2048K, 22 young (45056K), 1 survivors (2048K)
 Metaspace       used 54593K, committed 55104K, reserved 1114112K
  class space    used 7562K, committed 7808K, reserved 1048576K
}
Event: 4.717 GC heap after
{Heap after GC invocations=12 (full 0):
 garbage-first heap   total 96256K, used 28948K [0x000000070bc00000, 0x0000000800000000)
  region size 2048K, 2 young (4096K), 2 survivors (4096K)
 Metaspace       used 54593K, committed 55104K, reserved 1114112K
  class space    used 7562K, committed 7808K, reserved 1048576K
}
Event: 154.112 GC heap before
{Heap before GC invocations=12 (full 0):
 garbage-first heap   total 96256K, used 69908K [0x000000070bc00000, 0x0000000800000000)
  region size 2048K, 22 young (45056K), 2 survivors (4096K)
 Metaspace       used 57353K, committed 57920K, reserved 1114112K
  class space    used 7984K, committed 8256K, reserved 1048576K
}
Event: 154.117 GC heap after
{Heap after GC invocations=13 (full 0):
 garbage-first heap   total 96256K, used 32650K [0x000000070bc00000, 0x0000000800000000)
  region size 2048K, 2 young (4096K), 2 survivors (4096K)
 Metaspace       used 57353K, committed 57920K, reserved 1114112K
  class space    used 7984K, committed 8256K, reserved 1048576K
}
Event: 154.400 GC heap before
{Heap before GC invocations=13 (full 0):
 garbage-first heap   total 96256K, used 53130K [0x000000070bc00000, 0x0000000800000000)
  region size 2048K, 14 young (28672K), 2 survivors (4096K)
 Metaspace       used 60492K, committed 61056K, reserved 1114112K
  class space    used 8388K, committed 8704K, reserved 1048576K
}
Event: 154.404 GC heap after
{Heap after GC invocations=14 (full 0):
 garbage-first heap   total 96256K, used 34508K [0x000000070bc00000, 0x0000000800000000)
  region size 2048K, 2 young (4096K), 2 survivors (4096K)
 Metaspace       used 60492K, committed 61056K, reserved 1114112K
  class space    used 8388K, committed 8704K, reserved 1048576K
}
Event: 1380.067 GC heap before
{Heap before GC invocations=15 (full 0):
 garbage-first heap   total 96256K, used 71372K [0x000000070bc00000, 0x0000000800000000)
  region size 2048K, 20 young (40960K), 2 survivors (4096K)
 Metaspace       used 61462K, committed 61952K, reserved 1114112K
  class space    used 8532K, committed 8768K, reserved 1048576K
}
Event: 1380.069 GC heap after
{Heap after GC invocations=16 (full 0):
 garbage-first heap   total 96256K, used 35047K [0x000000070bc00000, 0x0000000800000000)
  region size 2048K, 2 young (4096K), 2 survivors (4096K)
 Metaspace       used 61462K, committed 61952K, reserved 1114112K
  class space    used 8532K, committed 8768K, reserved 1048576K
}
Event: 3313.388 GC heap before
{Heap before GC invocations=16 (full 0):
 garbage-first heap   total 96256K, used 69863K [0x000000070bc00000, 0x0000000800000000)
  region size 2048K, 20 young (40960K), 2 survivors (4096K)
 Metaspace       used 61480K, committed 61952K, reserved 1114112K
  class space    used 8534K, committed 8768K, reserved 1048576K
}
Event: 3313.395 GC heap after
{Heap after GC invocations=17 (full 0):
 garbage-first heap   total 96256K, used 35370K [0x000000070bc00000, 0x0000000800000000)
  region size 2048K, 2 young (4096K), 2 survivors (4096K)
 Metaspace       used 61480K, committed 61952K, reserved 1114112K
  class space    used 8534K, committed 8768K, reserved 1048576K
}
Event: 3493.556 GC heap before
{Heap before GC invocations=17 (full 0):
 garbage-first heap   total 96256K, used 37418K [0x000000070bc00000, 0x0000000800000000)
  region size 2048K, 4 young (8192K), 2 survivors (4096K)
 Metaspace       used 61577K, committed 62144K, reserved 1114112K
  class space    used 8557K, committed 8832K, reserved 1048576K
}
Event: 3493.608 GC heap after
{Heap after GC invocations=18 (full 1):
 garbage-first heap   total 96256K, used 26451K [0x000000070bc00000, 0x0000000800000000)
  region size 2048K, 0 young (0K), 0 survivors (0K)
 Metaspace       used 61415K, committed 62144K, reserved 1114112K
  class space    used 8520K, committed 8832K, reserved 1048576K
}

